<?xml version="1.0" encoding="UTF-8"?>
<!-- Generated by org.testng.reporters.JUnitXMLReporter -->
<testsuite hostname="LTILBOM22700393" ignored="0" name="Default test" tests="3" failures="0" timestamp="22 Jul 2021 16:12:08 GMT" time="85.018" errors="0">
  <testcase name="demoFlow" time="30.532" classname="FlipkartDemo.FlipkartFlow.Demo"/>
  <testcase name="demoFlow" time="29.492" classname="FlipkartDemo.FlipkartFlow.Demo"/>
  <testcase name="demoFlow" time="24.962" classname="FlipkartDemo.FlipkartFlow.Demo"/>
</testsuite> <!-- Default test -->
